Build started 28-12-2016 00:29:10.
     1>Project "D:\visual studio 13\Projects\CUDA\VecAddByParallelThreads\VecAddByParallelThreads\VecAddByParallelThreads.vcxproj" on node 2 (Rebuild target(s)).
     1>CudaClean:
         cmd.exe /C "C:\Users\Gaurav\AppData\Local\Temp\tmp1854aa5184db4da8a068228a47b11ce4.cmd"
         "C:\Program Files\NVIDIA GPU Computing Toolkit\CUDA\v8.0\bin\nvcc.exe" -ccbin "D:\visual studio 13\VC\bin"  -I"C:\Program Files\NVIDIA GPU Computing Toolkit\CUDA\v8.0\include" -I"C:\Program Files\NVIDIA GPU Computing Toolkit\CUDA\v8.0\include"  -G   --keep-dir Debug -maxrregcount=0  --machine 32 --compile   -g   -DWIN32 -D_DEBUG -D_CONSOLE -D_MBCS -Xcompiler "/EHsc /W3 /nologo /Od /FS /Zi /RTC1 /MDd " -o Debug\VecAddByParallelThreads.cu.obj "D:\visual studio 13\Projects\CUDA\VecAddByParallelThreads\VecAddByParallelThreads\VecAddByParallelThreads.cu" -clean
         
         D:\visual studio 13\Projects\CUDA\VecAddByParallelThreads\VecAddByParallelThreads>"C:\Program Files\NVIDIA GPU Computing Toolkit\CUDA\v8.0\bin\nvcc.exe" -ccbin "D:\visual studio 13\VC\bin"  -I"C:\Program Files\NVIDIA GPU Computing Toolkit\CUDA\v8.0\include" -I"C:\Program Files\NVIDIA GPU Computing Toolkit\CUDA\v8.0\include"  -G   --keep-dir Debug -maxrregcount=0  --machine 32 --compile   -g   -DWIN32 -D_DEBUG -D_CONSOLE -D_MBCS -Xcompiler "/EHsc /W3 /nologo /Od /FS /Zi /RTC1 /MDd " -o Debug\VecAddByParallelThreads.cu.obj "D:\visual studio 13\Projects\CUDA\VecAddByParallelThreads\VecAddByParallelThreads\VecAddByParallelThreads.cu" -clean 
     1>CUDACOMPILE : nvcc warning : The 'compute_20', 'sm_20', and 'sm_21' architectures are deprecated, and may be removed in a future release (Use -Wno-deprecated-gpu-targets to suppress warning).
         VecAddByParallelThreads.cu
       AddCudaCompileDeps:
         D:\visual studio 13\VC\bin\cl.exe /E /nologo /showIncludes /TP /D__CUDACC__ /DWIN32 /D_DEBUG /D_CONSOLE /D_MBCS /I"C:\Program Files\NVIDIA GPU Computing Toolkit\CUDA\v8.0\include" /I"C:\Program Files\NVIDIA GPU Computing Toolkit\CUDA\v8.0\bin" /I"C:\Program Files\NVIDIA GPU Computing Toolkit\CUDA\v8.0\include" /I. /FIcuda_runtime.h /c "D:\visual studio 13\Projects\CUDA\VecAddByParallelThreads\VecAddByParallelThreads\VecAddByParallelThreads.cu" 
     1>Project "D:\visual studio 13\Projects\CUDA\VecAddByParallelThreads\VecAddByParallelThreads\VecAddByParallelThreads.vcxproj" (1) is building "D:\visual studio 13\Projects\CUDA\VecAddByParallelThreads\VecAddByParallelThreads\VecAddByParallelThreads.vcxproj" (1:2) on node 2 (CudaBuildCore target(s)).
     1>CudaBuildCore:
         Compiling CUDA source file VecAddByParallelThreads.cu...
         cmd.exe /C "C:\Users\Gaurav\AppData\Local\Temp\tmp6be49b8f5a1c46cba907ace532c78920.cmd"
         "C:\Program Files\NVIDIA GPU Computing Toolkit\CUDA\v8.0\bin\nvcc.exe" -gencode=arch=compute_20,code=\"sm_20,compute_20\" --use-local-env --cl-version 2013 -ccbin "D:\visual studio 13\VC\bin"  -I"C:\Program Files\NVIDIA GPU Computing Toolkit\CUDA\v8.0\include" -I"C:\Program Files\NVIDIA GPU Computing Toolkit\CUDA\v8.0\include"  -G   --keep-dir Debug -maxrregcount=0  --machine 32 --compile -cudart static  -g   -DWIN32 -D_DEBUG -D_CONSOLE -D_MBCS -Xcompiler "/EHsc /W3 /nologo /Od /FS /Zi /RTC1 /MDd " -o Debug\VecAddByParallelThreads.cu.obj "D:\visual studio 13\Projects\CUDA\VecAddByParallelThreads\VecAddByParallelThreads\VecAddByParallelThreads.cu"
         
         D:\visual studio 13\Projects\CUDA\VecAddByParallelThreads\VecAddByParallelThreads>"C:\Program Files\NVIDIA GPU Computing Toolkit\CUDA\v8.0\bin\nvcc.exe" -gencode=arch=compute_20,code=\"sm_20,compute_20\" --use-local-env --cl-version 2013 -ccbin "D:\visual studio 13\VC\bin"  -I"C:\Program Files\NVIDIA GPU Computing Toolkit\CUDA\v8.0\include" -I"C:\Program Files\NVIDIA GPU Computing Toolkit\CUDA\v8.0\include"  -G   --keep-dir Debug -maxrregcount=0  --machine 32 --compile -cudart static  -g   -DWIN32 -D_DEBUG -D_CONSOLE -D_MBCS -Xcompiler "/EHsc /W3 /nologo /Od /FS /Zi /RTC1 /MDd " -o Debug\VecAddByParallelThreads.cu.obj "D:\visual studio 13\Projects\CUDA\VecAddByParallelThreads\VecAddByParallelThreads\VecAddByParallelThreads.cu" 
     1>CUDACOMPILE : nvcc warning : The 'compute_20', 'sm_20', and 'sm_21' architectures are deprecated, and may be removed in a future release (Use -Wno-deprecated-gpu-targets to suppress warning).
         VecAddByParallelThreads.cu
     1>D:/visual studio 13/Projects/CUDA/VecAddByParallelThreads/VecAddByParallelThreads/VecAddByParallelThreads.cu(40): warning C4244: '=' : conversion from 'double' to 'float', possible loss of data
     1>Done Building Project "D:\visual studio 13\Projects\CUDA\VecAddByParallelThreads\VecAddByParallelThreads\VecAddByParallelThreads.vcxproj" (CudaBuildCore target(s)).
     1>Link:
         D:\visual studio 13\VC\bin\link.exe /ERRORREPORT:PROMPT /OUT:"D:\visual studio 13\Projects\CUDA\VecAddByParallelThreads\Debug\VecAddByParallelThreads.exe" /INCREMENTAL /NOLOGO /LIBPATH:"C:\Program Files\NVIDIA GPU Computing Toolkit\CUDA\v8.0\lib\Win32" cudart.lib kernel32.lib user32.lib gdi32.lib winspool.lib comdlg32.lib advapi32.lib shell32.lib ole32.lib oleaut32.lib uuid.lib odbc32.lib odbccp32.lib kernel32.lib user32.lib gdi32.lib winspool.lib comdlg32.lib advapi32.lib shell32.lib ole32.lib oleaut32.lib uuid.lib odbc32.lib odbccp32.lib /MANIFEST /MANIFESTUAC:"level='asInvoker' uiAccess='false'" /manifest:embed /DEBUG /PDB:"D:\visual studio 13\Projects\CUDA\VecAddByParallelThreads\Debug\VecAddByParallelThreads.pdb" /SUBSYSTEM:CONSOLE /TLBID:1 /DYNAMICBASE /NXCOMPAT /IMPLIB:"D:\visual studio 13\Projects\CUDA\VecAddByParallelThreads\Debug\VecAddByParallelThreads.lib" /MACHINE:X86 Debug\VecAddByParallelThreads.cu.obj
         VecAddByParallelThreads.vcxproj -> D:\visual studio 13\Projects\CUDA\VecAddByParallelThreads\Debug\VecAddByParallelThreads.exe
       PostBuildEvent:
         echo copy "C:\Program Files\NVIDIA GPU Computing Toolkit\CUDA\v8.0\bin\cudart*.dll" "D:\visual studio 13\Projects\CUDA\VecAddByParallelThreads\Debug\"
         copy "C:\Program Files\NVIDIA GPU Computing Toolkit\CUDA\v8.0\bin\cudart*.dll" "D:\visual studio 13\Projects\CUDA\VecAddByParallelThreads\Debug\"
         :VCEnd
         copy "C:\Program Files\NVIDIA GPU Computing Toolkit\CUDA\v8.0\bin\cudart*.dll" "D:\visual studio 13\Projects\CUDA\VecAddByParallelThreads\Debug\"
         C:\Program Files\NVIDIA GPU Computing Toolkit\CUDA\v8.0\bin\cudart32_80.dll
         C:\Program Files\NVIDIA GPU Computing Toolkit\CUDA\v8.0\bin\cudart64_80.dll
                 2 file(s) copied.
     1>Done Building Project "D:\visual studio 13\Projects\CUDA\VecAddByParallelThreads\VecAddByParallelThreads\VecAddByParallelThreads.vcxproj" (Rebuild target(s)).

Build succeeded.

Time Elapsed 00:00:03.32
